<?xml version="1.0" encoding="UTF-8"?>
<!-- Generated by org.testng.reporters.JUnitReportReporter -->
<testsuite hostname="QSP" failures="0" tests="1" name="com.Ecommerce.Skillrary.testScripts.LoginDetailsUser" time="20.964" errors="0" timestamp="2021-04-12T19:34:03 IST" skipped="0">
  <testcase classname="com.Ecommerce.Skillrary.testScripts.LoginDetailsUser" name="userdetails" time="20.964"/>
  <system-out/>
</testsuite> <!-- com.Ecommerce.Skillrary.testScripts.LoginDetailsUser -->
