<?xml version="1.0" encoding="UTF-8"?>
<!-- Generated by org.testng.reporters.JUnitReportReporter -->
<testsuite hostname="QSP" failures="0" tests="5" name="com.Ecommerce.Skillrary.testScripts.S" time="73.752" errors="0" timestamp="2021-04-09T19:54:19 IST" skipped="0">
  <testcase classname="com.Ecommerce.Skillrary.testScripts.S" name="demo" time="12.825"/>
  <system-out/>
  <testcase classname="com.Ecommerce.Skillrary.testScripts.S" name="demo" time="19.175"/>
  <system-out/>
  <testcase classname="com.Ecommerce.Skillrary.testScripts.S" name="demo" time="12.896"/>
  <system-out/>
  <testcase classname="com.Ecommerce.Skillrary.testScripts.S" name="demo" time="14.705"/>
  <system-out/>
  <testcase classname="com.Ecommerce.Skillrary.testScripts.S" name="demo" time="14.151"/>
  <system-out/>
</testsuite> <!-- com.Ecommerce.Skillrary.testScripts.S -->
